Using pre-set license
Built from '2020.3/release' branch; Version is '2020.3.12f1 (b3b2c6512326) revision 11776710'; Using compiler version '192528614'; Build Type 'Release'
OS: 'Windows 10 Home; OS build 19045.4412; Version 2009; 64bit' Language: 'en' Physical Memory: 8122 MB
BatchMode: 1, IsHumanControllingUs: 0, StartBugReporterOnCrash: 0, Is64bit: 1, IsPro: 0

 COMMAND LINE ARGUMENTS:
C:\Program Files\Unity\Hub\Editor\2020.3.12f1\Editor\Unity.exe
-adb2
-batchMode
-noUpm
-name
AssetImportWorker0
-projectPath
C:/Users/cnalg/Documents/GitHub/Dropping-bombs-2-JP/JP-dropping bombs 2
-logFile
Logs/AssetImportWorker0.log
-srvPort
56804
Successfully changed project path to: C:/Users/cnalg/Documents/GitHub/Dropping-bombs-2-JP/JP-dropping bombs 2
C:/Users/cnalg/Documents/GitHub/Dropping-bombs-2-JP/JP-dropping bombs 2
Using Asset Import Pipeline V2.
Refreshing native plugins compatible for Editor in 28.58 ms, found 2 plugins.
Preloading 0 native plugins for Editor in 0.00 ms.
Initialize engine version: 2020.3.12f1 (b3b2c6512326)
[Subsystems] Discovering subsystems at path C:/Program Files/Unity/Hub/Editor/2020.3.12f1/Editor/Data/Resources/UnitySubsystems
[Subsystems] Discovering subsystems at path C:/Users/cnalg/Documents/GitHub/Dropping-bombs-2-JP/JP-dropping bombs 2/Assets
GfxDevice: creating device client; threaded=0
Direct3D:
    Version:  Direct3D 11.0 [level 11.1]
    Renderer: NVIDIA GeForce GT 1030 (ID=0x1d01)
    Vendor:   
    VRAM:     1981 MB
    Driver:   31.0.15.3623
Initialize mono
Mono path[0] = 'C:/Program Files/Unity/Hub/Editor/2020.3.12f1/Editor/Data/Managed'
Mono path[1] = 'C:/Program Files/Unity/Hub/Editor/2020.3.12f1/Editor/Data/MonoBleedingEdge/lib/mono/unityjit'
Mono config path = 'C:/Program Files/Unity/Hub/Editor/2020.3.12f1/Editor/Data/MonoBleedingEdge/etc'
Using monoOptions --debugger-agent=transport=dt_socket,embedding=1,server=y,suspend=n,address=127.0.0.1:56872
Begin MonoManager ReloadAssembly
Registering precompiled unity dll's ...
Register platform support module: C:/Program Files/Unity/Hub/Editor/2020.3.12f1/Editor/Data/PlaybackEngines/WindowsStandaloneSupport/UnityEditor.WindowsStandalone.Extensions.dll
Registered in 0.003729 seconds.
Native extension for WindowsStandalone target not found
Refreshing native plugins compatible for Editor in 26.33 ms, found 2 plugins.
Preloading 0 native plugins for Editor in 0.00 ms.
Mono: successfully reloaded assembly
- Completed reload, in  2.064 seconds
Platform modules already initialized, skipping
Registering precompiled user dll's ...
Registered in 0.012530 seconds.
Begin MonoManager ReloadAssembly
Native extension for WindowsStandalone target not found
Refreshing native plugins compatible for Editor in 0.27 ms, found 2 plugins.
Preloading 0 native plugins for Editor in 0.00 ms.
Mono: successfully reloaded assembly
- Completed reload, in  1.051 seconds
Platform modules already initialized, skipping
========================================================================
Worker process is ready to serve import requests
Launched and connected shader compiler UnityShaderCompiler.exe after 0.05 seconds
Refreshing native plugins compatible for Editor in 0.42 ms, found 2 plugins.
Preloading 0 native plugins for Editor in 0.00 ms.
Unloading 1391 Unused Serialized files (Serialized files now loaded: 0)
System memory in use before: 65.3 MB.
System memory in use after: 65.3 MB.

Unloading 19 unused Assets to reduce memory usage. Loaded Objects now: 1828.
Total: 4.410000 ms (FindLiveObjects: 0.225600 ms CreateObjectMapping: 0.096600 ms MarkObjects: 3.792100 ms  DeleteObjects: 0.294000 ms)

AssetImportParameters requested are different than current active one (requested -> active):
  custom:framework-win-MediaFoundation: 216162199b28c13a410421893ffa2e32 -> 
  custom:video-decoder-ogg-theora: a1e56fd34408186e4bbccfd4996cb3dc -> 
  custom:container-muxer-webm: aa71ff27fc2769a1b78a27578f13a17b -> 
  custom:container-demuxer-webm: 4f35f7cbe854078d1ac9338744f61a02 -> 
  custom:container-demuxer-ogg: 62fdf1f143b41e24485cea50d1cbac27 -> 
  custom:video-encoder-webm-vp8: eb34c28f22e8b96e1ab97ce403110664 -> 
  custom:video-decoder-webm-vp8: 9c59270c3fd7afecdb556c50c9e8de78 -> 
  custom:audio-decoder-ogg-vorbis: bf7c407c2cedff20999df2af8eb42d56 -> 
  custom:audio-encoder-webm-vorbis: bf7c407c2cedff20999df2af8eb42d56 -> 
========================================================================
Received Import Request.
  path: Assets/Artwork/clouds.png
  artifactKey: Guid(f9bae6104a83db4489823a9e3e2a8082) Importer(815301076,1909f56bfc062723c751e8b465ee728b)
Start importing Assets/Artwork/clouds.png using Guid(f9bae6104a83db4489823a9e3e2a8082) Importer(815301076,1909f56bfc062723c751e8b465ee728b)  -> (artifact id: 'b7b73fe04663403c435fdd06c90ab620') in 0.150290 seconds 
  Import took 0.153609 seconds .

========================================================================
Received Import Request.
  Time since last request: 759.027818 seconds.
  path: Assets/Tree.prefab
  artifactKey: Guid(a229c82eb0e49f6458193f12ae6882fc) Importer(815301076,1909f56bfc062723c751e8b465ee728b)
Start importing Assets/Tree.prefab using Guid(a229c82eb0e49f6458193f12ae6882fc) Importer(815301076,1909f56bfc062723c751e8b465ee728b)  -> (artifact id: 'de580e28856db2f53832abd731e110e0') in 1.666374 seconds 
  Import took 1.972959 seconds .

========================================================================
Received Import Request.
  Time since last request: 8.965935 seconds.
  path: Assets/animation/Clouds.controller
  artifactKey: Guid(d8360a7f9eaf4e944807d111eb7df475) Importer(815301076,1909f56bfc062723c751e8b465ee728b)
Start importing Assets/animation/Clouds.controller using Guid(d8360a7f9eaf4e944807d111eb7df475) Importer(815301076,1909f56bfc062723c751e8b465ee728b)  -> (artifact id: '78363652c6b539ba6fa6337f36f869a2') in 0.016546 seconds 
  Import took 0.020897 seconds .

========================================================================
Received Import Request.
  Time since last request: 0.893877 seconds.
  path: Assets/animation/clouds.anim
  artifactKey: Guid(d25b6897b693e1542850b7ef5fcbe5cc) Importer(815301076,1909f56bfc062723c751e8b465ee728b)
Start importing Assets/animation/clouds.anim using Guid(d25b6897b693e1542850b7ef5fcbe5cc) Importer(815301076,1909f56bfc062723c751e8b465ee728b)  -> (artifact id: 'b085eaabff8d3333944122dcf0496063') in 0.008097 seconds 
  Import took 0.010452 seconds .

========================================================================
Received Import Request.
  Time since last request: 0.020400 seconds.
  path: Assets/animation/clouds.anim
  artifactKey: Guid(d25b6897b693e1542850b7ef5fcbe5cc) Importer(815301076,1909f56bfc062723c751e8b465ee728b)
Start importing Assets/animation/clouds.anim using Guid(d25b6897b693e1542850b7ef5fcbe5cc) Importer(815301076,1909f56bfc062723c751e8b465ee728b)  -> (artifact id: 'b085eaabff8d3333944122dcf0496063') in 0.003095 seconds 
  Import took 0.005439 seconds .

========================================================================
Received Import Request.
  Time since last request: 24.414041 seconds.
  path: Assets/animation/Rocket Left.anim
  artifactKey: Guid(f601f8ae458058c479a03ecad0d64b87) Importer(815301076,1909f56bfc062723c751e8b465ee728b)
Start importing Assets/animation/Rocket Left.anim using Guid(f601f8ae458058c479a03ecad0d64b87) Importer(815301076,1909f56bfc062723c751e8b465ee728b)  -> (artifact id: '462e76a97d70aba44c68173e497dc546') in 0.013555 seconds 
  Import took 0.017835 seconds .

========================================================================
Received Import Request.
  Time since last request: 0.000904 seconds.
  path: Assets/animation/Rocket Left.anim
  artifactKey: Guid(f601f8ae458058c479a03ecad0d64b87) Importer(815301076,1909f56bfc062723c751e8b465ee728b)
Start importing Assets/animation/Rocket Left.anim using Guid(f601f8ae458058c479a03ecad0d64b87) Importer(815301076,1909f56bfc062723c751e8b465ee728b)  -> (artifact id: '462e76a97d70aba44c68173e497dc546') in 0.003117 seconds 
  Import took 0.005972 seconds .

========================================================================
Received Prepare
Registering precompiled user dll's ...
Registered in 0.006451 seconds.
Begin MonoManager ReloadAssembly
Native extension for WindowsStandalone target not found
Refreshing native plugins compatible for Editor in 0.26 ms, found 2 plugins.
Preloading 0 native plugins for Editor in 0.00 ms.
Mono: successfully reloaded assembly
- Completed reload, in  0.936 seconds
Platform modules already initialized, skipping
Refreshing native plugins compatible for Editor in 0.31 ms, found 2 plugins.
Preloading 0 native plugins for Editor in 0.00 ms.
Unloading 1386 Unused Serialized files (Serialized files now loaded: 0)
System memory in use before: 68.7 MB.
System memory in use after: 68.8 MB.

Unloading 14 unused Assets to reduce memory usage. Loaded Objects now: 1875.
Total: 1.536200 ms (FindLiveObjects: 0.128900 ms CreateObjectMapping: 0.043400 ms MarkObjects: 1.320300 ms  DeleteObjects: 0.042800 ms)

AssetImportParameters requested are different than current active one (requested -> active):
  custom:framework-win-MediaFoundation: 216162199b28c13a410421893ffa2e32 -> 
  custom:video-decoder-ogg-theora: a1e56fd34408186e4bbccfd4996cb3dc -> 
  custom:container-muxer-webm: aa71ff27fc2769a1b78a27578f13a17b -> 
  custom:container-demuxer-webm: 4f35f7cbe854078d1ac9338744f61a02 -> 
  custom:container-demuxer-ogg: 62fdf1f143b41e24485cea50d1cbac27 -> 
  custom:video-encoder-webm-vp8: eb34c28f22e8b96e1ab97ce403110664 -> 
  custom:video-decoder-webm-vp8: 9c59270c3fd7afecdb556c50c9e8de78 -> 
  custom:audio-decoder-ogg-vorbis: bf7c407c2cedff20999df2af8eb42d56 -> 
  custom:audio-encoder-webm-vorbis: bf7c407c2cedff20999df2af8eb42d56 -> 
========================================================================
Received Prepare
Registering precompiled user dll's ...
Registered in 0.003521 seconds.
Begin MonoManager ReloadAssembly
Native extension for WindowsStandalone target not found
Refreshing native plugins compatible for Editor in 0.27 ms, found 2 plugins.
Preloading 0 native plugins for Editor in 0.00 ms.
Mono: successfully reloaded assembly
- Completed reload, in  0.806 seconds
Platform modules already initialized, skipping
Refreshing native plugins compatible for Editor in 0.28 ms, found 2 plugins.
Preloading 0 native plugins for Editor in 0.00 ms.
Unloading 1386 Unused Serialized files (Serialized files now loaded: 0)
System memory in use before: 68.7 MB.
System memory in use after: 68.8 MB.

Unloading 14 unused Assets to reduce memory usage. Loaded Objects now: 1878.
Total: 1.666300 ms (FindLiveObjects: 0.128900 ms CreateObjectMapping: 0.046100 ms MarkObjects: 1.434600 ms  DeleteObjects: 0.055900 ms)

AssetImportParameters requested are different than current active one (requested -> active):
  custom:framework-win-MediaFoundation: 216162199b28c13a410421893ffa2e32 -> 
  custom:video-decoder-ogg-theora: a1e56fd34408186e4bbccfd4996cb3dc -> 
  custom:container-muxer-webm: aa71ff27fc2769a1b78a27578f13a17b -> 
  custom:container-demuxer-webm: 4f35f7cbe854078d1ac9338744f61a02 -> 
  custom:container-demuxer-ogg: 62fdf1f143b41e24485cea50d1cbac27 -> 
  custom:video-encoder-webm-vp8: eb34c28f22e8b96e1ab97ce403110664 -> 
  custom:video-decoder-webm-vp8: 9c59270c3fd7afecdb556c50c9e8de78 -> 
  custom:audio-decoder-ogg-vorbis: bf7c407c2cedff20999df2af8eb42d56 -> 
  custom:audio-encoder-webm-vorbis: bf7c407c2cedff20999df2af8eb42d56 -> 
========================================================================
Received Import Request.
  Time since last request: 401.419722 seconds.
  path: Assets/Prefabs/Bomb.prefab
  artifactKey: Guid(c2dee5e4dd48b5a4cb6bf81670a04c64) Importer(815301076,1909f56bfc062723c751e8b465ee728b)
Start importing Assets/Prefabs/Bomb.prefab using Guid(c2dee5e4dd48b5a4cb6bf81670a04c64) Importer(815301076,1909f56bfc062723c751e8b465ee728b)  -> (artifact id: '771338d38b00cd2ac037d4dee10c089c') in 0.059526 seconds 
  Import took 0.062395 seconds .

========================================================================
Received Import Request.
  Time since last request: 190.474078 seconds.
  path: Assets/Scripts/spawner.cs
  artifactKey: Guid(926513b60db708c4fbc77c4176ee99b2) Importer(815301076,1909f56bfc062723c751e8b465ee728b)
Start importing Assets/Scripts/spawner.cs using Guid(926513b60db708c4fbc77c4176ee99b2) Importer(815301076,1909f56bfc062723c751e8b465ee728b)  -> (artifact id: '8bb79e7c16fbeb2a22d847a91c0cb0ff') in 0.049959 seconds 
  Import took 0.052451 seconds .

========================================================================
Received Prepare
Registering precompiled user dll's ...
Registered in 0.003489 seconds.
Begin MonoManager ReloadAssembly
Native extension for WindowsStandalone target not found
Refreshing native plugins compatible for Editor in 0.31 ms, found 2 plugins.
Preloading 0 native plugins for Editor in 0.00 ms.
Mono: successfully reloaded assembly
- Completed reload, in  0.829 seconds
Platform modules already initialized, skipping
Refreshing native plugins compatible for Editor in 0.27 ms, found 2 plugins.
Preloading 0 native plugins for Editor in 0.00 ms.
Unloading 1387 Unused Serialized files (Serialized files now loaded: 0)
System memory in use before: 68.8 MB.
System memory in use after: 68.9 MB.

Unloading 14 unused Assets to reduce memory usage. Loaded Objects now: 1884.
Total: 1.601900 ms (FindLiveObjects: 0.144900 ms CreateObjectMapping: 0.043000 ms MarkObjects: 1.368100 ms  DeleteObjects: 0.045100 ms)

AssetImportParameters requested are different than current active one (requested -> active):
  custom:framework-win-MediaFoundation: 216162199b28c13a410421893ffa2e32 -> 
  custom:video-decoder-ogg-theora: a1e56fd34408186e4bbccfd4996cb3dc -> 
  custom:container-muxer-webm: aa71ff27fc2769a1b78a27578f13a17b -> 
  custom:container-demuxer-webm: 4f35f7cbe854078d1ac9338744f61a02 -> 
  custom:container-demuxer-ogg: 62fdf1f143b41e24485cea50d1cbac27 -> 
  custom:video-encoder-webm-vp8: eb34c28f22e8b96e1ab97ce403110664 -> 
  custom:video-decoder-webm-vp8: 9c59270c3fd7afecdb556c50c9e8de78 -> 
  custom:audio-decoder-ogg-vorbis: bf7c407c2cedff20999df2af8eb42d56 -> 
  custom:audio-encoder-webm-vorbis: bf7c407c2cedff20999df2af8eb42d56 -> 
========================================================================
Received Import Request.
  Time since last request: 913.082518 seconds.
  path: Assets/Scripts/spawner.cs
  artifactKey: Guid(926513b60db708c4fbc77c4176ee99b2) Importer(815301076,1909f56bfc062723c751e8b465ee728b)
Start importing Assets/Scripts/spawner.cs using Guid(926513b60db708c4fbc77c4176ee99b2) Importer(815301076,1909f56bfc062723c751e8b465ee728b)  -> (artifact id: 'e9a4445c593808f74f17aa78957b5096') in 0.006308 seconds 
  Import took 0.009384 seconds .

AssetImportWorkerClient::OnTransportError - code=2 error=End of file
